<?xml version="1.0" encoding="UTF-8"?>
<!-- Generated by org.testng.reporters.JUnitReportReporter -->
<testsuite hostname="RAJRATNA" failures="0" tests="1" name="com.Practice.Practice" time="13.858" errors="0" timestamp="2022-12-17T10:59:49 IST" skipped="0">
  <testcase classname="com.Practice.Practice" name="add" time="13.858"/>
  <system-out/>
</testsuite> <!-- com.Practice.Practice -->
