<?xml version="1.0" encoding="UTF-8"?>
<!-- Generated by org.testng.reporters.JUnitReportReporter -->
<testsuite hostname="RAJRATNA" failures="0" tests="5" name="com.Practice.Enabled" time="0.011" errors="0" timestamp="2022-12-20T20:11:24 IST" skipped="1">
  <testcase classname="com.Practice.Enabled" name="forgotpassword" time="0.003"/>
  <system-out/>
  <testcase classname="com.Practice.Enabled" name="signpage" time="0.003"/>
  <system-out/>
  <testcase classname="com.Practice.Enabled" name="loginpage" time="0.003"/>
  <system-out/>
  <testcase classname="com.Practice.Enabled" name="data" time="0.002"/>
  <system-out/>
  <testcase classname="com.Practice.Enabled" name="homepage">
    <skipped/>
  </testcase> <!-- homepage -->
  <system-out/>
</testsuite> <!-- com.Practice.Enabled -->
