<?xml version="1.0" encoding="UTF-8"?>
<!-- Generated by org.testng.reporters.JUnitReportReporter -->
<testsuite hostname="RAJRATNA" failures="0" tests="7" name="com.Practice.InvocationCount" time="0.049" errors="0" timestamp="2022-12-20T20:11:24 IST" skipped="0">
  <testcase classname="com.Practice.InvocationCount" name="forgotpassword" time="0.027"/>
  <system-out/>
  <testcase classname="com.Practice.InvocationCount" name="forgotpassword" time="0.002"/>
  <system-out/>
  <testcase classname="com.Practice.InvocationCount" name="forgotpassword" time="0.003"/>
  <system-out/>
  <testcase classname="com.Practice.InvocationCount" name="signpage" time="0.005"/>
  <system-out/>
  <testcase classname="com.Practice.InvocationCount" name="loginpage" time="0.002"/>
  <system-out/>
  <testcase classname="com.Practice.InvocationCount" name="homepage" time="0.007"/>
  <system-out/>
  <testcase classname="com.Practice.InvocationCount" name="data" time="0.003"/>
  <system-out/>
</testsuite> <!-- com.Practice.InvocationCount -->
