<?xml version="1.0" encoding="UTF-8"?>
<!-- Generated by org.testng.reporters.JUnitReportReporter -->
<testsuite hostname="RAJRATNA" failures="0" tests="1" name="TestNg1" time="0.015" errors="0" timestamp="2022-12-17T10:59:08 IST" skipped="0">
  <testcase classname="TestNg1" name="add" time="0.015"/>
  <system-out/>
</testsuite> <!-- TestNg1 -->
