<?xml version="1.0" encoding="UTF-8"?>
<!-- Generated by org.testng.reporters.JUnitReportReporter -->
<testsuite hostname="RAJRATNA" failures="0" tests="5" name="com.Practice.Sample1" time="0.012" errors="0" timestamp="2022-12-20T20:11:24 IST" skipped="0">
  <testcase classname="com.Practice.Sample1" name="forgotpassword" time="0.002"/>
  <system-out/>
  <testcase classname="com.Practice.Sample1" name="signpage" time="0.001"/>
  <system-out/>
  <testcase classname="com.Practice.Sample1" name="loginpage" time="0.002"/>
  <system-out/>
  <testcase classname="com.Practice.Sample1" name="homepage" time="0.003"/>
  <system-out/>
  <testcase classname="com.Practice.Sample1" name="data" time="0.004"/>
  <system-out/>
</testsuite> <!-- com.Practice.Sample1 -->
