<?xml version="1.0" encoding="UTF-8"?>
<!-- Generated by org.testng.reporters.JUnitReportReporter -->
<testsuite hostname="RAJRATNA" failures="0" tests="1" name="com.Practice.Sample" time="0.006" errors="0" timestamp="2022-12-20T20:11:24 IST" skipped="0">
  <testcase classname="com.Practice.Sample" name="test" time="0.006"/>
  <system-out/>
</testsuite> <!-- com.Practice.Sample -->
